TN:
SF:src/dominio/campos/cpf.js
FN:3,<instance_members_initializer>
FN:7,get valor
FN:15,Cpf
FN:24,#validar
FN:29,anonymous_4
FN:30,anonymous_5
FN:34,anonymous_6
FN:41,anonymous_7
FN:42,anonymous_8
FN:42,anonymous_9
FN:52,anonymous_10
FN:53,anonymous_11
FN:53,anonymous_12
FN:64,toString
FN:68,toJson
FN:76,equals
FNDA:49,<instance_members_initializer>
FNDA:0,get valor
FNDA:49,Cpf
FNDA:49,#validar
FNDA:480,anonymous_4
FNDA:520,anonymous_5
FNDA:470,anonymous_6
FNDA:37,anonymous_7
FNDA:333,anonymous_8
FNDA:333,anonymous_9
FNDA:37,anonymous_10
FNDA:370,anonymous_11
FNDA:370,anonymous_12
FNDA:0,toString
FNDA:0,toJson
FNDA:51,equals
FNF:16
FNH:13
BRDA:1,0,0,4
BRDA:3,1,0,49
BRDA:15,2,0,49
BRDA:24,3,0,49
BRDA:25,4,0,1
BRDA:27,5,0,19
BRDA:30,6,0,1
BRDA:32,7,0,18
BRDA:35,8,0,10
BRDA:37,9,0,8
BRDA:50,10,0,8
BRDA:59,11,0,1
BRDA:48,12,0,0
BRDA:29,13,0,480
BRDA:30,14,0,520
BRDA:34,15,0,470
BRDA:41,16,0,37
BRDA:44,17,0,3
BRDA:44,18,0,24
BRDA:42,19,0,333
BRDA:42,20,0,333
BRDA:52,21,0,37
BRDA:55,22,0,3
BRDA:55,23,0,24
BRDA:53,24,0,370
BRDA:53,25,0,370
BRDA:76,26,0,51
BRF:27
BRH:26
DA:1,4
DA:2,4
DA:3,4
DA:4,49
DA:5,49
DA:6,49
DA:7,49
DA:8,0
DA:9,0
DA:10,49
DA:11,49
DA:12,49
DA:13,49
DA:14,49
DA:15,49
DA:16,49
DA:17,49
DA:18,49
DA:19,49
DA:20,49
DA:21,49
DA:22,49
DA:23,49
DA:24,49
DA:25,49
DA:26,1
DA:27,1
DA:28,19
DA:29,19
DA:30,49
DA:31,1
DA:32,1
DA:33,18
DA:34,18
DA:35,49
DA:36,10
DA:37,10
DA:38,8
DA:39,8
DA:40,8
DA:41,8
DA:42,37
DA:43,37
DA:44,37
DA:45,37
DA:46,8
DA:47,8
DA:48,49
DA:49,0
DA:50,0
DA:51,8
DA:52,8
DA:53,37
DA:54,37
DA:55,37
DA:56,37
DA:57,8
DA:58,8
DA:59,49
DA:60,1
DA:61,1
DA:62,49
DA:63,49
DA:64,49
DA:65,0
DA:66,0
DA:67,49
DA:68,49
DA:69,0
DA:70,0
DA:71,49
DA:72,49
DA:73,49
DA:74,49
DA:75,49
DA:76,49
DA:77,51
DA:78,51
DA:79,49
LH:71
LF:79
end_of_record
SF:src/dominio/campos/data-de-nascimento.js
FN:13,DataDeNascimento
FN:19,#validar
FNDA:28,DataDeNascimento
FNDA:28,#validar
FNF:2
FNH:2
BRDA:1,0,0,3
BRDA:13,1,0,28
BRDA:19,2,0,28
BRDA:22,3,0,1
BRF:4
BRH:4
DA:1,3
DA:2,3
DA:3,3
DA:4,3
DA:5,3
DA:6,3
DA:7,3
DA:8,3
DA:9,3
DA:10,3
DA:11,3
DA:12,3
DA:13,3
DA:14,28
DA:15,28
DA:16,28
DA:17,3
DA:18,3
DA:19,3
DA:20,28
DA:21,28
DA:22,28
DA:23,1
DA:24,1
DA:25,28
DA:26,3
LH:26
LF:26
end_of_record
SF:src/dominio/campos/data.js
FN:5,<instance_members_initializer>
FN:11,get dia
FN:15,get mes
FN:19,get ano
FN:29,Data
FN:42,#validar
FN:52,toString
FN:56,toJsDate
FN:60,valueOf
FN:68,equals
FN:72,hoje
FN:86,fromJsDate
FNDA:102,<instance_members_initializer>
FNDA:1,get dia
FNDA:1,get mes
FNDA:1,get ano
FNDA:102,Data
FNDA:102,#validar
FNDA:77,toString
FNDA:193,toJsDate
FNDA:62,valueOf
FNDA:38,equals
FNDA:61,hoje
FNDA:3,fromJsDate
FNF:12
FNH:12
BRDA:1,0,0,5
BRDA:5,1,0,102
BRDA:11,2,0,1
BRDA:15,3,0,1
BRDA:19,4,0,1
BRDA:29,5,0,102
BRDA:42,6,0,102
BRDA:44,7,0,9
BRDA:44,8,0,7
BRDA:44,9,0,7
BRDA:46,10,0,3
BRDA:52,11,0,77
BRDA:56,12,0,193
BRDA:60,13,0,62
BRDA:68,14,0,38
BRDA:72,15,0,61
BRDA:86,16,0,3
BRF:17
BRH:17
DA:1,5
DA:2,5
DA:3,5
DA:4,5
DA:5,5
DA:6,102
DA:7,102
DA:8,102
DA:9,102
DA:10,102
DA:11,102
DA:12,1
DA:13,1
DA:14,102
DA:15,102
DA:16,1
DA:17,1
DA:18,102
DA:19,102
DA:20,1
DA:21,1
DA:22,102
DA:23,102
DA:24,102
DA:25,102
DA:26,102
DA:27,102
DA:28,102
DA:29,102
DA:30,102
DA:31,102
DA:32,102
DA:33,102
DA:34,102
DA:35,102
DA:36,102
DA:37,102
DA:38,102
DA:39,102
DA:40,102
DA:41,102
DA:42,102
DA:43,102
DA:44,102
DA:45,7
DA:46,7
DA:47,3
DA:48,3
DA:49,3
DA:50,102
DA:51,102
DA:52,102
DA:53,77
DA:54,77
DA:55,102
DA:56,102
DA:57,193
DA:58,193
DA:59,102
DA:60,102
DA:61,62
DA:62,62
DA:63,102
DA:64,102
DA:65,102
DA:66,102
DA:67,102
DA:68,102
DA:69,38
DA:70,38
DA:71,102
DA:72,102
DA:73,61
DA:74,61
DA:75,61
DA:76,61
DA:77,61
DA:78,61
DA:79,61
DA:80,102
DA:81,102
DA:82,102
DA:83,102
DA:84,102
DA:85,102
DA:86,102
DA:87,3
DA:88,3
DA:89,3
DA:90,3
DA:91,3
DA:92,3
DA:93,102
LH:93
LF:93
end_of_record
SF:src/dominio/campos/horario.js
FN:3,<instance_members_initializer>
FN:8,get hora
FN:12,get minuto
FN:20,Horario
FN:38,fromHHMMstr
FN:54,valueOf
FN:63,equals
FN:67,toString
FN:71,agora
FNDA:132,<instance_members_initializer>
FNDA:1,get hora
FNDA:57,get minuto
FNDA:132,Horario
FNDA:26,fromHHMMstr
FNDA:260,valueOf
FNDA:5,equals
FNDA:1,toString
FNDA:28,agora
FNF:9
FNH:9
BRDA:1,0,0,4
BRDA:3,1,0,132
BRDA:8,2,0,1
BRDA:12,3,0,57
BRDA:20,4,0,132
BRDA:21,5,0,22
BRDA:21,6,0,20
BRDA:21,7,0,4
BRDA:23,8,0,19
BRDA:25,9,0,18
BRDA:25,10,0,16
BRDA:25,11,0,4
BRDA:27,12,0,15
BRDA:38,13,0,26
BRDA:40,14,0,5
BRDA:42,15,0,9
BRDA:54,16,0,260
BRDA:63,17,0,5
BRDA:67,18,0,1
BRDA:71,19,0,28
BRF:20
BRH:20
DA:1,4
DA:2,4
DA:3,4
DA:4,132
DA:5,132
DA:6,132
DA:7,132
DA:8,132
DA:9,1
DA:10,1
DA:11,132
DA:12,132
DA:13,57
DA:14,57
DA:15,132
DA:16,132
DA:17,132
DA:18,132
DA:19,132
DA:20,132
DA:21,132
DA:22,4
DA:23,4
DA:24,19
DA:25,132
DA:26,4
DA:27,4
DA:28,15
DA:29,15
DA:30,15
DA:31,132
DA:32,132
DA:33,132
DA:34,132
DA:35,132
DA:36,132
DA:37,132
DA:38,132
DA:39,26
DA:40,26
DA:41,5
DA:42,5
DA:43,9
DA:44,9
DA:45,9
DA:46,9
DA:47,9
DA:48,9
DA:49,9
DA:50,9
DA:51,9
DA:52,26
DA:53,132
DA:54,132
DA:55,260
DA:56,260
DA:57,132
DA:58,132
DA:59,132
DA:60,132
DA:61,132
DA:62,132
DA:63,132
DA:64,5
DA:65,5
DA:66,132
DA:67,132
DA:68,1
DA:69,1
DA:70,132
DA:71,132
DA:72,28
DA:73,28
DA:74,28
DA:75,28
DA:76,28
DA:77,28
DA:78,132
LH:78
LF:78
end_of_record
SF:src/dominio/campos/intervalo-de-horario.js
FN:4,<instance_members_initializer>
FN:9,get inicio
FN:13,get fim
FN:22,IntervaloDeHorario
FNDA:46,<instance_members_initializer>
FNDA:106,get inicio
FNDA:73,get fim
FNDA:46,IntervaloDeHorario
FNF:4
FNH:4
BRDA:1,0,0,3
BRDA:4,1,0,46
BRDA:9,2,0,106
BRDA:13,3,0,73
BRDA:22,4,0,46
BRDA:23,5,0,2
BRDA:25,6,0,1
BRF:7
BRH:7
DA:1,3
DA:2,3
DA:3,3
DA:4,3
DA:5,46
DA:6,46
DA:7,46
DA:8,46
DA:9,46
DA:10,106
DA:11,106
DA:12,46
DA:13,46
DA:14,73
DA:15,73
DA:16,46
DA:17,46
DA:18,46
DA:19,46
DA:20,46
DA:21,46
DA:22,46
DA:23,46
DA:24,2
DA:25,2
DA:26,1
DA:27,1
DA:28,1
DA:29,46
DA:30,46
DA:31,46
LH:31
LF:31
end_of_record
SF:src/dominio/campos/nome-de-pessoa.js
FN:3,<instance_members_initializer>
FN:7,get valor
FN:15,NomeDePessoa
FN:23,#validar
FN:29,toString
FN:33,toJson
FN:41,equals
FNDA:31,<instance_members_initializer>
FNDA:0,get valor
FNDA:31,NomeDePessoa
FNDA:31,#validar
FNDA:0,toString
FNDA:0,toJson
FNDA:6,equals
FNF:7
FNH:4
BRDA:1,0,0,3
BRDA:3,1,0,31
BRDA:15,2,0,31
BRDA:23,3,0,31
BRDA:24,4,0,1
BRDA:41,5,0,6
BRF:6
BRH:6
DA:1,3
DA:2,3
DA:3,3
DA:4,31
DA:5,31
DA:6,31
DA:7,31
DA:8,0
DA:9,0
DA:10,31
DA:11,31
DA:12,31
DA:13,31
DA:14,31
DA:15,31
DA:16,31
DA:17,31
DA:18,31
DA:19,31
DA:20,31
DA:21,31
DA:22,31
DA:23,31
DA:24,31
DA:25,1
DA:26,1
DA:27,31
DA:28,31
DA:29,31
DA:30,0
DA:31,0
DA:32,31
DA:33,31
DA:34,0
DA:35,0
DA:36,31
DA:37,31
DA:38,31
DA:39,31
DA:40,31
DA:41,31
DA:42,6
DA:43,6
DA:44,31
LH:38
LF:44
end_of_record
SF:src/dominio/entidades/agendamento.js
FN:7,<instance_members_initializer>
FN:13,get cpfDoPaciente
FN:17,get dia
FN:21,get intervaloDeHorario
FN:31,Agendamento
FN:43,#validaIntervaloDeHorario
FNDA:28,<instance_members_initializer>
FNDA:43,get cpfDoPaciente
FNDA:72,get dia
FNDA:90,get intervaloDeHorario
FNDA:28,Agendamento
FNDA:28,#validaIntervaloDeHorario
FNF:6
FNH:6
BRDA:1,0,0,2
BRDA:7,1,0,28
BRDA:13,2,0,43
BRDA:17,3,0,72
BRDA:21,4,0,90
BRDA:31,5,0,28
BRDA:43,6,0,28
BRDA:47,7,0,6
BRDA:47,8,0,4
BRF:9
BRH:9
DA:1,2
DA:2,2
DA:3,2
DA:4,2
DA:5,2
DA:6,2
DA:7,2
DA:8,28
DA:9,28
DA:10,28
DA:11,28
DA:12,28
DA:13,28
DA:14,43
DA:15,43
DA:16,28
DA:17,28
DA:18,72
DA:19,72
DA:20,28
DA:21,28
DA:22,90
DA:23,90
DA:24,28
DA:25,28
DA:26,28
DA:27,28
DA:28,28
DA:29,28
DA:30,28
DA:31,28
DA:32,28
DA:33,28
DA:34,28
DA:35,28
DA:36,28
DA:37,28
DA:38,28
DA:39,28
DA:40,28
DA:41,28
DA:42,28
DA:43,28
DA:44,28
DA:45,28
DA:46,28
DA:47,28
DA:48,4
DA:49,4
DA:50,28
DA:51,28
LH:51
LF:51
end_of_record
SF:src/dominio/entidades/consultorio-odontologico.js
FN:11,<instance_members_initializer>
FN:29,ConsultorioOdontologico
FN:40,verificaCpfJaCadastrado
FN:55,getPaciente
FN:56,anonymous_4
FN:67,cadastrarNovoPaciente
FN:76,#validaPaciente
FN:89,excluirPaciente
FN:92,anonymous_8
FN:98,anonymous_9
FN:98,anonymous_10
FN:114,cadastrarAgendamento
FN:133,anonymous_12
FN:147,anonymous_13
FN:163,cancelarAgendamento
FN:164,anonymous_15
FN:181,listarAgendamentos
FNDA:15,<instance_members_initializer>
FNDA:15,ConsultorioOdontologico
FNDA:0,verificaCpfJaCadastrado
FNDA:24,getPaciente
FNDA:28,anonymous_4
FNDA:25,cadastrarNovoPaciente
FNDA:25,#validaPaciente
FNDA:4,excluirPaciente
FNDA:4,anonymous_8
FNDA:3,anonymous_9
FNDA:3,anonymous_10
FNDA:20,cadastrarAgendamento
FNDA:9,anonymous_12
FNDA:5,anonymous_13
FNDA:2,cancelarAgendamento
FNDA:2,anonymous_15
FNDA:4,listarAgendamentos
FNF:17
FNH:16
BRDA:1,0,0,1
BRDA:11,1,0,15
BRDA:29,2,0,15
BRDA:55,3,0,24
BRDA:57,4,0,2
BRDA:59,5,0,22
BRDA:56,6,0,28
BRDA:67,7,0,25
BRDA:76,8,0,25
BRDA:77,9,0,0
BRDA:89,10,0,4
BRDA:94,11,0,1
BRDA:96,12,0,2
BRDA:92,13,0,4
BRDA:98,14,0,3
BRDA:98,15,0,3
BRDA:114,16,0,20
BRDA:121,17,0,18
BRDA:121,18,0,16
BRDA:121,19,0,2
BRDA:123,20,0,17
BRDA:127,21,0,16
BRDA:128,22,0,2
BRDA:130,23,0,15
BRDA:141,24,0,4
BRDA:143,25,0,11
BRDA:149,26,0,1
BRDA:151,27,0,10
BRDA:133,28,0,9
BRDA:136,29,0,4
BRDA:147,30,0,5
BRDA:163,31,0,2
BRDA:165,32,0,0
BRDA:169,33,0,1
BRDA:164,34,0,2
BRDA:181,35,0,4
BRF:36
BRH:34
DA:1,1
DA:2,1
DA:3,1
DA:4,1
DA:5,1
DA:6,1
DA:7,1
DA:8,1
DA:9,1
DA:10,1
DA:11,1
DA:12,15
DA:13,15
DA:14,15
DA:15,15
DA:16,15
DA:17,15
DA:18,15
DA:19,15
DA:20,15
DA:21,15
DA:22,15
DA:23,15
DA:24,15
DA:25,15
DA:26,15
DA:27,15
DA:28,15
DA:29,15
DA:30,15
DA:31,15
DA:32,15
DA:33,15
DA:34,15
DA:35,15
DA:36,15
DA:37,15
DA:38,15
DA:39,15
DA:40,15
DA:41,0
DA:42,0
DA:43,0
DA:44,0
DA:45,0
DA:46,0
DA:47,0
DA:48,0
DA:49,15
DA:50,15
DA:51,15
DA:52,15
DA:53,15
DA:54,15
DA:55,15
DA:56,24
DA:57,24
DA:58,2
DA:59,2
DA:60,22
DA:61,24
DA:62,15
DA:63,15
DA:64,15
DA:65,15
DA:66,15
DA:67,15
DA:68,25
DA:69,25
DA:70,25
DA:71,15
DA:72,15
DA:73,15
DA:74,15
DA:75,15
DA:76,15
DA:77,25
DA:78,0
DA:79,0
DA:80,25
DA:81,25
DA:82,25
DA:83,15
DA:84,15
DA:85,15
DA:86,15
DA:87,15
DA:88,15
DA:89,15
DA:90,4
DA:91,4
DA:92,4
DA:93,4
DA:94,4
DA:95,1
DA:96,1
DA:97,2
DA:98,2
DA:99,3
DA:100,3
DA:101,2
DA:102,2
DA:103,2
DA:104,2
DA:105,2
DA:106,2
DA:107,2
DA:108,4
DA:109,15
DA:110,15
DA:111,15
DA:112,15
DA:113,15
DA:114,15
DA:115,20
DA:116,20
DA:117,20
DA:118,20
DA:119,20
DA:120,20
DA:121,20
DA:122,2
DA:123,2
DA:124,17
DA:125,17
DA:126,17
DA:127,17
DA:128,17
DA:129,2
DA:130,2
DA:131,15
DA:132,15
DA:133,15
DA:134,9
DA:135,9
DA:136,9
DA:137,9
DA:138,9
DA:139,9
DA:140,15
DA:141,20
DA:142,4
DA:143,4
DA:144,11
DA:145,11
DA:146,11
DA:147,11
DA:148,11
DA:149,20
DA:150,1
DA:151,1
DA:152,10
DA:153,10
DA:154,20
DA:155,15
DA:156,15
DA:157,15
DA:158,15
DA:159,15
DA:160,15
DA:161,15
DA:162,15
DA:163,15
DA:164,2
DA:165,2
DA:166,0
DA:167,0
DA:168,2
DA:169,2
DA:170,1
DA:171,1
DA:172,1
DA:173,1
DA:174,1
DA:175,1
DA:176,2
DA:177,15
DA:178,15
DA:179,15
DA:180,15
DA:181,15
DA:182,4
DA:183,4
DA:184,15
LH:172
LF:184
end_of_record
SF:src/dominio/entidades/paciente.js
FN:8,<instance_members_initializer>
FN:14,get cpf
FN:18,get nome
FN:22,get dataDeNascimento
FN:26,get idade
FN:41,Paciente
FNDA:26,<instance_members_initializer>
FNDA:146,get cpf
FNDA:0,get nome
FNDA:0,get dataDeNascimento
FNDA:26,get idade
FNDA:26,Paciente
FNF:6
FNH:4
BRDA:1,0,0,2
BRDA:8,1,0,26
BRDA:14,2,0,146
BRDA:26,3,0,26
BRDA:41,4,0,26
BRF:5
BRH:5
DA:1,2
DA:2,2
DA:3,2
DA:4,2
DA:5,2
DA:6,2
DA:7,2
DA:8,2
DA:9,26
DA:10,26
DA:11,26
DA:12,26
DA:13,26
DA:14,26
DA:15,146
DA:16,146
DA:17,26
DA:18,26
DA:19,0
DA:20,0
DA:21,26
DA:22,26
DA:23,0
DA:24,0
DA:25,26
DA:26,26
DA:27,26
DA:28,26
DA:29,26
DA:30,26
DA:31,26
DA:32,26
DA:33,26
DA:34,26
DA:35,26
DA:36,26
DA:37,26
DA:38,26
DA:39,26
DA:40,26
DA:41,26
DA:42,26
DA:43,26
DA:44,26
DA:45,26
DA:46,26
LH:42
LF:46
end_of_record
SF:tests/dominio/campos/cpf.test.js
FN:7,anonymous_0
FN:8,anonymous_1
FN:9,anonymous_2
FN:10,anonymous_3
FN:11,anonymous_4
FN:15,anonymous_5
FN:16,anonymous_6
FN:19,anonymous_7
FN:20,anonymous_8
FN:23,anonymous_9
FN:27,anonymous_10
FN:30,anonymous_11
FN:37,anonymous_12
FN:38,anonymous_13
FN:42,anonymous_14
FNDA:1,anonymous_0
FNDA:1,anonymous_1
FNDA:10,anonymous_2
FNDA:10,anonymous_3
FNDA:10,anonymous_4
FNDA:1,anonymous_5
FNDA:1,anonymous_6
FNDA:1,anonymous_7
FNDA:1,anonymous_8
FNDA:1,anonymous_9
FNDA:1,anonymous_10
FNDA:1,anonymous_11
FNDA:4,anonymous_12
FNDA:4,anonymous_13
FNDA:1,anonymous_14
FNF:15
FNH:15
BRDA:1,0,0,1
BRDA:7,1,0,1
BRDA:8,2,0,1
BRDA:9,3,0,10
BRDA:10,4,0,10
BRDA:11,5,0,10
BRDA:15,6,0,1
BRDA:16,7,0,1
BRDA:19,8,0,1
BRDA:20,9,0,1
BRDA:23,10,0,1
BRDA:27,11,0,1
BRDA:30,12,0,1
BRDA:37,13,0,4
BRDA:38,14,0,4
BRDA:42,15,0,1
BRF:16
BRH:16
DA:1,1
DA:2,1
DA:3,1
DA:4,1
DA:5,1
DA:6,1
DA:7,1
DA:8,1
DA:9,1
DA:10,1
DA:11,10
DA:12,1
DA:13,1
DA:14,1
DA:15,1
DA:16,1
DA:17,1
DA:18,1
DA:19,1
DA:20,1
DA:21,1
DA:22,1
DA:23,1
DA:24,1
DA:25,1
DA:26,1
DA:27,1
DA:28,1
DA:29,1
DA:30,1
DA:31,1
DA:32,1
DA:33,1
DA:34,1
DA:35,1
DA:36,1
DA:37,1
DA:38,4
DA:39,1
DA:40,1
DA:41,1
DA:42,1
DA:43,1
DA:44,1
DA:45,1
DA:46,1
DA:47,1
DA:48,1
DA:49,1
DA:50,1
DA:51,1
DA:52,1
DA:53,1
DA:54,1
DA:55,1
DA:56,1
DA:57,1
DA:58,1
DA:59,1
LH:59
LF:59
end_of_record
SF:tests/dominio/campos/data-de-nascimento.test.js
FN:7,anonymous_0
FN:8,anonymous_1
FN:10,anonymous_2
FN:13,anonymous_3
FN:15,anonymous_4
FNDA:1,anonymous_0
FNDA:1,anonymous_1
FNDA:1,anonymous_2
FNDA:1,anonymous_3
FNDA:1,anonymous_4
FNF:5
FNH:5
BRDA:1,0,0,1
BRDA:7,1,0,1
BRDA:8,2,0,1
BRDA:10,3,0,1
BRDA:13,4,0,1
BRDA:15,5,0,1
BRF:6
BRH:6
DA:1,1
DA:2,1
DA:3,1
DA:4,1
DA:5,1
DA:6,1
DA:7,1
DA:8,1
DA:9,1
DA:10,1
DA:11,1
DA:12,1
DA:13,1
DA:14,1
DA:15,1
DA:16,1
DA:17,1
DA:18,1
DA:19,1
LH:19
LF:19
end_of_record
SF:tests/dominio/campos/data.test.js
FN:7,anonymous_0
FN:8,anonymous_1
FN:9,anonymous_2
FN:10,anonymous_3
FN:11,anonymous_4
FN:14,anonymous_5
FN:15,anonymous_6
FN:16,anonymous_7
FN:17,anonymous_8
FN:20,anonymous_9
FN:30,anonymous_10
FNDA:1,anonymous_0
FNDA:1,anonymous_1
FNDA:1,anonymous_2
FNDA:1,anonymous_3
FNDA:1,anonymous_4
FNDA:1,anonymous_5
FNDA:1,anonymous_6
FNDA:1,anonymous_7
FNDA:1,anonymous_8
FNDA:1,anonymous_9
FNDA:1,anonymous_10
FNF:11
FNH:11
BRDA:1,0,0,1
BRDA:7,1,0,1
BRDA:8,2,0,1
BRDA:9,3,0,1
BRDA:10,4,0,1
BRDA:11,5,0,1
BRDA:14,6,0,1
BRDA:15,7,0,1
BRDA:16,8,0,1
BRDA:17,9,0,1
BRDA:20,10,0,1
BRDA:30,11,0,1
BRF:12
BRH:12
DA:1,1
DA:2,1
DA:3,1
DA:4,1
DA:5,1
DA:6,1
DA:7,1
DA:8,1
DA:9,1
DA:10,1
DA:11,1
DA:12,1
DA:13,1
DA:14,1
DA:15,1
DA:16,1
DA:17,1
DA:18,1
DA:19,1
DA:20,1
DA:21,1
DA:22,1
DA:23,1
DA:24,1
DA:25,1
DA:26,1
DA:27,1
DA:28,1
DA:29,1
DA:30,1
DA:31,1
DA:32,1
DA:33,1
DA:34,1
DA:35,1
DA:36,1
DA:37,1
DA:38,1
DA:39,1
DA:40,1
DA:41,1
DA:42,1
DA:43,1
DA:44,1
DA:45,1
DA:46,1
LH:46
LF:46
end_of_record
SF:tests/dominio/campos/horario.test.js
FN:8,anonymous_0
FN:9,anonymous_1
FN:10,anonymous_2
FN:13,anonymous_3
FN:14,anonymous_4
FN:17,anonymous_5
FN:18,anonymous_6
FN:21,anonymous_7
FN:22,anonymous_8
FN:25,anonymous_9
FN:26,anonymous_10
FN:29,anonymous_11
FN:30,anonymous_12
FN:33,anonymous_13
FN:34,anonymous_14
FN:35,anonymous_15
FN:36,anonymous_16
FN:39,anonymous_17
FN:40,anonymous_18
FN:41,anonymous_19
FN:42,anonymous_20
FN:45,anonymous_21
FN:54,anonymous_22
FN:55,anonymous_23
FN:60,anonymous_24
FN:61,anonymous_25
FN:62,anonymous_26
FN:65,anonymous_27
FN:66,anonymous_28
FN:67,anonymous_29
FN:68,anonymous_30
FN:71,anonymous_31
FN:87,anonymous_32
FN:96,anonymous_33
FNDA:1,anonymous_0
FNDA:1,anonymous_1
FNDA:1,anonymous_2
FNDA:1,anonymous_3
FNDA:1,anonymous_4
FNDA:1,anonymous_5
FNDA:1,anonymous_6
FNDA:1,anonymous_7
FNDA:1,anonymous_8
FNDA:1,anonymous_9
FNDA:1,anonymous_10
FNDA:1,anonymous_11
FNDA:1,anonymous_12
FNDA:1,anonymous_13
FNDA:1,anonymous_14
FNDA:1,anonymous_15
FNDA:1,anonymous_16
FNDA:1,anonymous_17
FNDA:1,anonymous_18
FNDA:1,anonymous_19
FNDA:1,anonymous_20
FNDA:1,anonymous_21
FNDA:5,anonymous_22
FNDA:5,anonymous_23
FNDA:1,anonymous_24
FNDA:1,anonymous_25
FNDA:1,anonymous_26
FNDA:1,anonymous_27
FNDA:1,anonymous_28
FNDA:1,anonymous_29
FNDA:1,anonymous_30
FNDA:1,anonymous_31
FNDA:1,anonymous_32
FNDA:1,anonymous_33
FNF:34
FNH:34
BRDA:1,0,0,1
BRDA:8,1,0,1
BRDA:9,2,0,1
BRDA:10,3,0,1
BRDA:13,4,0,1
BRDA:14,5,0,1
BRDA:17,6,0,1
BRDA:18,7,0,1
BRDA:21,8,0,1
BRDA:22,9,0,1
BRDA:25,10,0,1
BRDA:26,11,0,1
BRDA:29,12,0,1
BRDA:30,13,0,1
BRDA:33,14,0,1
BRDA:34,15,0,1
BRDA:35,16,0,1
BRDA:36,17,0,1
BRDA:39,18,0,1
BRDA:40,19,0,1
BRDA:41,20,0,1
BRDA:42,21,0,1
BRDA:45,22,0,1
BRDA:54,23,0,5
BRDA:55,24,0,5
BRDA:60,25,0,1
BRDA:61,26,0,1
BRDA:62,27,0,1
BRDA:65,28,0,1
BRDA:66,29,0,1
BRDA:67,30,0,1
BRDA:68,31,0,1
BRDA:71,32,0,1
BRDA:87,33,0,1
BRDA:96,34,0,1
BRF:35
BRH:35
DA:1,1
DA:2,1
DA:3,1
DA:4,1
DA:5,1
DA:6,1
DA:7,1
DA:8,1
DA:9,1
DA:10,1
DA:11,1
DA:12,1
DA:13,1
DA:14,1
DA:15,1
DA:16,1
DA:17,1
DA:18,1
DA:19,1
DA:20,1
DA:21,1
DA:22,1
DA:23,1
DA:24,1
DA:25,1
DA:26,1
DA:27,1
DA:28,1
DA:29,1
DA:30,1
DA:31,1
DA:32,1
DA:33,1
DA:34,1
DA:35,1
DA:36,1
DA:37,1
DA:38,1
DA:39,1
DA:40,1
DA:41,1
DA:42,1
DA:43,1
DA:44,1
DA:45,1
DA:46,1
DA:47,1
DA:48,1
DA:49,1
DA:50,1
DA:51,1
DA:52,1
DA:53,1
DA:54,1
DA:55,5
DA:56,5
DA:57,1
DA:58,1
DA:59,1
DA:60,1
DA:61,1
DA:62,1
DA:63,1
DA:64,1
DA:65,1
DA:66,1
DA:67,1
DA:68,1
DA:69,1
DA:70,1
DA:71,1
DA:72,1
DA:73,1
DA:74,1
DA:75,1
DA:76,1
DA:77,1
DA:78,1
DA:79,1
DA:80,1
DA:81,1
DA:82,1
DA:83,1
DA:84,1
DA:85,1
DA:86,1
DA:87,1
DA:88,1
DA:89,1
DA:90,1
DA:91,1
DA:92,1
DA:93,1
DA:94,1
DA:95,1
DA:96,1
DA:97,1
DA:98,1
DA:99,1
DA:100,1
DA:101,1
DA:102,1
DA:103,1
DA:104,1
DA:105,1
DA:106,1
DA:107,1
DA:108,1
DA:109,1
DA:110,1
LH:110
LF:110
end_of_record
SF:tests/dominio/campos/intervalo-de-horario.test.js
FN:8,anonymous_0
FN:12,anonymous_1
FN:13,anonymous_2
FN:14,anonymous_3
FN:17,anonymous_4
FN:18,anonymous_5
FNDA:1,anonymous_0
FNDA:1,anonymous_1
FNDA:1,anonymous_2
FNDA:1,anonymous_3
FNDA:1,anonymous_4
FNDA:1,anonymous_5
FNF:6
FNH:6
BRDA:1,0,0,1
BRDA:8,1,0,1
BRDA:12,2,0,1
BRDA:13,3,0,1
BRDA:14,4,0,1
BRDA:17,5,0,1
BRDA:18,6,0,1
BRF:7
BRH:7
DA:1,1
DA:2,1
DA:3,1
DA:4,1
DA:5,1
DA:6,1
DA:7,1
DA:8,1
DA:9,1
DA:10,1
DA:11,1
DA:12,1
DA:13,1
DA:14,1
DA:15,1
DA:16,1
DA:17,1
DA:18,1
DA:19,1
DA:20,1
LH:20
LF:20
end_of_record
SF:tests/dominio/campos/nome-de-pessoa.test.js
FN:7,anonymous_0
FN:8,anonymous_1
FN:10,anonymous_2
FN:13,anonymous_3
FN:15,anonymous_4
FN:18,anonymous_5
FNDA:1,anonymous_0
FNDA:1,anonymous_1
FNDA:1,anonymous_2
FNDA:1,anonymous_3
FNDA:1,anonymous_4
FNDA:1,anonymous_5
FNF:6
FNH:6
BRDA:1,0,0,1
BRDA:7,1,0,1
BRDA:8,2,0,1
BRDA:10,3,0,1
BRDA:13,4,0,1
BRDA:15,5,0,1
BRDA:18,6,0,1
BRF:7
BRH:7
DA:1,1
DA:2,1
DA:3,1
DA:4,1
DA:5,1
DA:6,1
DA:7,1
DA:8,1
DA:9,1
DA:10,1
DA:11,1
DA:12,1
DA:13,1
DA:14,1
DA:15,1
DA:16,1
DA:17,1
DA:18,1
DA:19,1
DA:20,1
DA:21,1
DA:22,1
DA:23,1
DA:24,1
DA:25,1
DA:26,1
DA:27,1
DA:28,1
DA:29,1
DA:30,1
DA:31,1
DA:32,1
DA:33,1
DA:34,1
LH:34
LF:34
end_of_record
SF:tests/dominio/entidades/agendamento.test.js
FN:11,anonymous_0
FN:14,anonymous_1
FN:28,anonymous_2
FN:29,anonymous_3
FN:30,anonymous_4
FN:31,anonymous_5
FN:34,anonymous_6
FN:48,anonymous_7
FN:49,anonymous_8
FN:50,anonymous_9
FN:51,anonymous_10
FNDA:1,anonymous_0
FNDA:1,anonymous_1
FNDA:1,anonymous_2
FNDA:1,anonymous_3
FNDA:1,anonymous_4
FNDA:1,anonymous_5
FNDA:1,anonymous_6
FNDA:1,anonymous_7
FNDA:1,anonymous_8
FNDA:1,anonymous_9
FNDA:1,anonymous_10
FNF:11
FNH:11
BRDA:1,0,0,1
BRDA:11,1,0,1
BRDA:14,2,0,1
BRDA:28,3,0,1
BRDA:29,4,0,1
BRDA:30,5,0,1
BRDA:31,6,0,1
BRDA:34,7,0,1
BRDA:48,8,0,1
BRDA:49,9,0,1
BRDA:50,10,0,1
BRDA:51,11,0,1
BRF:12
BRH:12
DA:1,1
DA:2,1
DA:3,1
DA:4,1
DA:5,1
DA:6,1
DA:7,1
DA:8,1
DA:9,1
DA:10,1
DA:11,1
DA:12,1
DA:13,1
DA:14,1
DA:15,1
DA:16,1
DA:17,1
DA:18,1
DA:19,1
DA:20,1
DA:21,1
DA:22,1
DA:23,1
DA:24,1
DA:25,1
DA:26,1
DA:27,1
DA:28,1
DA:29,1
DA:30,1
DA:31,1
DA:32,1
DA:33,1
DA:34,1
DA:35,1
DA:36,1
DA:37,1
DA:38,1
DA:39,1
DA:40,1
DA:41,1
DA:42,1
DA:43,1
DA:44,1
DA:45,1
DA:46,1
DA:47,1
DA:48,1
DA:49,1
DA:50,1
DA:51,1
DA:52,1
DA:53,1
LH:53
LF:53
end_of_record
SF:tests/dominio/entidades/consultorio-odontologico.test.js
FN:14,anonymous_0
FN:16,anonymous_1
FN:20,anonymous_2
FN:24,anonymous_3
FN:27,anonymous_4
FN:30,anonymous_5
FN:34,anonymous_6
FN:37,anonymous_7
FN:43,anonymous_8
FN:46,anonymous_9
FN:55,anonymous_10
FN:58,anonymous_11
FN:66,anonymous_12
FN:69,anonymous_13
FN:83,anonymous_14
FN:86,anonymous_15
FN:115,anonymous_16
FN:116,anonymous_17
FN:117,anonymous_18
FN:118,anonymous_19
FN:119,anonymous_20
FN:122,anonymous_21
FN:143,anonymous_22
FN:144,anonymous_23
FN:147,anonymous_24
FN:166,anonymous_25
FN:173,anonymous_26
FN:176,anonymous_27
FN:191,anonymous_28
FN:192,anonymous_29
FN:195,anonymous_30
FN:213,anonymous_31
FN:218,anonymous_32
FN:221,anonymous_33
FN:239,anonymous_34
FN:240,anonymous_35
FN:245,anonymous_36
FN:246,anonymous_37
FN:255,anonymous_38
FN:272,anonymous_39
FN:274,anonymous_40
FN:277,anonymous_41
FN:301,anonymous_42
FN:304,anonymous_43
FN:307,anonymous_44
FN:310,anonymous_45
FN:312,anonymous_46
FN:314,anonymous_47
FNDA:1,anonymous_0
FNDA:10,anonymous_1
FNDA:10,anonymous_2
FNDA:1,anonymous_3
FNDA:1,anonymous_4
FNDA:1,anonymous_5
FNDA:1,anonymous_6
FNDA:1,anonymous_7
FNDA:1,anonymous_8
FNDA:1,anonymous_9
FNDA:1,anonymous_10
FNDA:1,anonymous_11
FNDA:1,anonymous_12
FNDA:1,anonymous_13
FNDA:1,anonymous_14
FNDA:1,anonymous_15
FNDA:1,anonymous_16
FNDA:1,anonymous_17
FNDA:1,anonymous_18
FNDA:1,anonymous_19
FNDA:1,anonymous_20
FNDA:1,anonymous_21
FNDA:1,anonymous_22
FNDA:1,anonymous_23
FNDA:1,anonymous_24
FNDA:1,anonymous_25
FNDA:1,anonymous_26
FNDA:1,anonymous_27
FNDA:1,anonymous_28
FNDA:1,anonymous_29
FNDA:1,anonymous_30
FNDA:1,anonymous_31
FNDA:1,anonymous_32
FNDA:1,anonymous_33
FNDA:1,anonymous_34
FNDA:1,anonymous_35
FNDA:1,anonymous_36
FNDA:0,anonymous_37
FNDA:1,anonymous_38
FNDA:1,anonymous_39
FNDA:1,anonymous_40
FNDA:1,anonymous_41
FNDA:1,anonymous_42
FNDA:1,anonymous_43
FNDA:1,anonymous_44
FNDA:3,anonymous_45
FNDA:1,anonymous_46
FNDA:0,anonymous_47
FNF:48
FNH:46
BRDA:1,0,0,1
BRDA:14,1,0,1
BRDA:16,2,0,1
BRDA:19,3,0,10
BRDA:20,4,0,10
BRDA:24,5,0,1
BRDA:27,6,0,1
BRDA:30,7,0,1
BRDA:34,8,0,1
BRDA:37,9,0,1
BRDA:43,10,0,1
BRDA:46,11,0,1
BRDA:55,12,0,1
BRDA:58,13,0,1
BRDA:66,14,0,1
BRDA:69,15,0,1
BRDA:83,16,0,1
BRDA:86,17,0,1
BRDA:115,18,0,1
BRDA:116,19,0,1
BRDA:117,20,0,1
BRDA:118,21,0,1
BRDA:119,22,0,1
BRDA:122,23,0,1
BRDA:143,24,0,1
BRDA:144,25,0,1
BRDA:147,26,0,1
BRDA:166,27,0,1
BRDA:173,28,0,1
BRDA:176,29,0,1
BRDA:191,30,0,1
BRDA:192,31,0,1
BRDA:195,32,0,1
BRDA:213,33,0,1
BRDA:218,34,0,1
BRDA:221,35,0,1
BRDA:239,36,0,1
BRDA:240,37,0,1
BRDA:245,38,0,1
BRDA:255,39,0,1
BRDA:272,40,0,1
BRDA:274,41,0,1
BRDA:277,42,0,1
BRDA:301,43,0,1
BRDA:304,44,0,1
BRDA:307,45,0,1
BRDA:310,46,0,3
BRDA:312,47,0,1
BRF:48
BRH:48
DA:1,1
DA:2,1
DA:3,1
DA:4,1
DA:5,1
DA:6,1
DA:7,1
DA:8,1
DA:9,1
DA:10,1
DA:11,1
DA:12,1
DA:13,1
DA:14,1
DA:15,1
DA:16,1
DA:17,1
DA:18,1
DA:19,1
DA:20,10
DA:21,10
DA:22,1
DA:23,1
DA:24,1
DA:25,1
DA:26,1
DA:27,1
DA:28,1
DA:29,1
DA:30,1
DA:31,1
DA:32,1
DA:33,1
DA:34,1
DA:35,1
DA:36,1
DA:37,1
DA:38,1
DA:39,1
DA:40,1
DA:41,1
DA:42,1
DA:43,1
DA:44,1
DA:45,1
DA:46,1
DA:47,1
DA:48,1
DA:49,1
DA:50,1
DA:51,1
DA:52,1
DA:53,1
DA:54,1
DA:55,1
DA:56,1
DA:57,1
DA:58,1
DA:59,1
DA:60,1
DA:61,1
DA:62,1
DA:63,1
DA:64,1
DA:65,1
DA:66,1
DA:67,1
DA:68,1
DA:69,1
DA:70,1
DA:71,1
DA:72,1
DA:73,1
DA:74,1
DA:75,1
DA:76,1
DA:77,1
DA:78,1
DA:79,1
DA:80,1
DA:81,1
DA:82,1
DA:83,1
DA:84,1
DA:85,1
DA:86,1
DA:87,1
DA:88,1
DA:89,1
DA:90,1
DA:91,1
DA:92,1
DA:93,1
DA:94,1
DA:95,1
DA:96,1
DA:97,1
DA:98,1
DA:99,1
DA:100,1
DA:101,1
DA:102,1
DA:103,1
DA:104,1
DA:105,1
DA:106,1
DA:107,1
DA:108,1
DA:109,1
DA:110,1
DA:111,1
DA:112,1
DA:113,1
DA:114,1
DA:115,1
DA:116,1
DA:117,1
DA:118,1
DA:119,1
DA:120,1
DA:121,1
DA:122,1
DA:123,1
DA:124,1
DA:125,1
DA:126,1
DA:127,1
DA:128,1
DA:129,1
DA:130,1
DA:131,1
DA:132,1
DA:133,1
DA:134,1
DA:135,1
DA:136,1
DA:137,1
DA:138,1
DA:139,1
DA:140,1
DA:141,1
DA:142,1
DA:143,1
DA:144,1
DA:145,1
DA:146,1
DA:147,1
DA:148,1
DA:149,1
DA:150,1
DA:151,1
DA:152,1
DA:153,1
DA:154,1
DA:155,1
DA:156,1
DA:157,1
DA:158,1
DA:159,1
DA:160,1
DA:161,1
DA:162,1
DA:163,1
DA:164,1
DA:165,1
DA:166,1
DA:167,1
DA:168,1
DA:169,1
DA:170,1
DA:171,1
DA:172,1
DA:173,1
DA:174,1
DA:175,1
DA:176,1
DA:177,1
DA:178,1
DA:179,1
DA:180,1
DA:181,1
DA:182,1
DA:183,1
DA:184,1
DA:185,1
DA:186,1
DA:187,1
DA:188,1
DA:189,1
DA:190,1
DA:191,1
DA:192,1
DA:193,1
DA:194,1
DA:195,1
DA:196,1
DA:197,1
DA:198,1
DA:199,1
DA:200,1
DA:201,1
DA:202,1
DA:203,1
DA:204,1
DA:205,1
DA:206,1
DA:207,1
DA:208,1
DA:209,1
DA:210,1
DA:211,1
DA:212,1
DA:213,1
DA:214,1
DA:215,1
DA:216,1
DA:217,1
DA:218,1
DA:219,1
DA:220,1
DA:221,1
DA:222,1
DA:223,1
DA:224,1
DA:225,1
DA:226,1
DA:227,1
DA:228,1
DA:229,1
DA:230,1
DA:231,1
DA:232,1
DA:233,1
DA:234,1
DA:235,1
DA:236,1
DA:237,1
DA:238,1
DA:239,1
DA:240,1
DA:241,1
DA:242,1
DA:243,1
DA:244,1
DA:245,1
DA:246,1
DA:247,0
DA:248,0
DA:249,0
DA:250,1
DA:251,1
DA:252,1
DA:253,1
DA:254,1
DA:255,1
DA:256,1
DA:257,1
DA:258,1
DA:259,1
DA:260,1
DA:261,1
DA:262,1
DA:263,1
DA:264,1
DA:265,1
DA:266,1
DA:267,1
DA:268,1
DA:269,1
DA:270,1
DA:271,1
DA:272,1
DA:273,1
DA:274,1
DA:275,1
DA:276,1
DA:277,1
DA:278,1
DA:279,1
DA:280,1
DA:281,1
DA:282,1
DA:283,1
DA:284,1
DA:285,1
DA:286,1
DA:287,1
DA:288,1
DA:289,1
DA:290,1
DA:291,1
DA:292,1
DA:293,1
DA:294,1
DA:295,1
DA:296,1
DA:297,1
DA:298,1
DA:299,1
DA:300,1
DA:301,1
DA:302,1
DA:303,1
DA:304,1
DA:305,1
DA:306,1
DA:307,1
DA:308,1
DA:309,1
DA:310,1
DA:311,1
DA:312,1
DA:313,1
DA:314,1
DA:315,1
DA:316,1
DA:317,1
DA:318,1
DA:319,1
DA:320,1
LH:317
LF:320
end_of_record
SF:tests/dominio/entidades/paciente.test.js
FN:11,anonymous_0
FN:12,anonymous_1
FNDA:1,anonymous_0
FNDA:1,anonymous_1
FNF:2
FNH:2
BRDA:1,0,0,1
BRDA:11,1,0,1
BRDA:12,2,0,1
BRF:3
BRH:3
DA:1,1
DA:2,1
DA:3,1
DA:4,1
DA:5,1
DA:6,1
DA:7,1
DA:8,1
DA:9,1
DA:10,1
DA:11,1
DA:12,1
DA:13,1
DA:14,1
DA:15,1
DA:16,1
DA:17,1
DA:18,1
DA:19,1
DA:20,1
DA:21,1
DA:22,1
DA:23,1
LH:23
LF:23
end_of_record
SF:tests/tests-helper.js
FN:12,<instance_members_initializer>
FN:16,TestsHelper
FN:20,gerarCpf
FN:22,anonymous_3
FN:36,anonymous_4
FN:37,anonymous_5
FN:37,anonymous_6
FN:45,anonymous_7
FN:46,anonymous_8
FN:46,anonymous_9
FN:54,anonymous_10
FN:65,gerarPaciente
FN:79,gerarPacientes
FN:84,anonymous_13
FN:93,gerarConsultorio
FNDA:1,<instance_members_initializer>
FNDA:1,TestsHelper
FNDA:27,gerarCpf
FNDA:27,anonymous_3
FNDA:27,anonymous_4
FNDA:243,anonymous_5
FNDA:243,anonymous_6
FNDA:27,anonymous_7
FNDA:270,anonymous_8
FNDA:270,anonymous_9
FNDA:297,anonymous_10
FNDA:25,gerarPaciente
FNDA:10,gerarPacientes
FNDA:45,anonymous_13
FNDA:15,gerarConsultorio
FNF:15
FNH:15
BRDA:1,0,0,1
BRDA:12,1,0,1
BRDA:16,2,0,1
BRDA:20,3,0,27
BRDA:22,4,0,27
BRDA:25,5,0,0
BRDA:36,6,0,27
BRDA:39,7,0,3
BRDA:39,8,0,24
BRDA:37,9,0,243
BRDA:37,10,0,243
BRDA:45,11,0,27
BRDA:48,12,0,3
BRDA:48,13,0,24
BRDA:46,14,0,270
BRDA:46,15,0,270
BRDA:54,16,0,297
BRDA:65,17,0,25
BRDA:68,18,0,1
BRDA:68,19,0,24
BRDA:68,20,0,1
BRDA:68,21,0,24
BRDA:79,22,0,1
BRDA:82,23,0,10
BRDA:84,24,0,0
BRDA:84,25,0,45
BRDA:93,26,0,15
BRF:27
BRH:25
DA:1,1
DA:2,1
DA:3,1
DA:4,1
DA:5,1
DA:6,1
DA:7,1
DA:8,1
DA:9,1
DA:10,1
DA:11,1
DA:12,1
DA:13,1
DA:14,1
DA:15,1
DA:16,1
DA:17,1
DA:18,1
DA:19,1
DA:20,1
DA:21,27
DA:22,27
DA:23,27
DA:24,27
DA:25,27
DA:26,0
DA:27,0
DA:28,27
DA:29,27
DA:30,27
DA:31,27
DA:32,27
DA:33,27
DA:34,27
DA:35,27
DA:36,27
DA:37,27
DA:38,27
DA:39,27
DA:40,27
DA:41,27
DA:42,27
DA:43,27
DA:44,27
DA:45,27
DA:46,27
DA:47,27
DA:48,27
DA:49,27
DA:50,27
DA:51,27
DA:52,27
DA:53,27
DA:54,27
DA:55,27
DA:56,27
DA:57,27
DA:58,27
DA:59,1
DA:60,1
DA:61,1
DA:62,1
DA:63,1
DA:64,1
DA:65,1
DA:66,25
DA:67,25
DA:68,25
DA:69,25
DA:70,25
DA:71,25
DA:72,25
DA:73,1
DA:74,1
DA:75,1
DA:76,1
DA:77,1
DA:78,1
DA:79,1
DA:80,1
DA:81,1
DA:82,1
DA:83,10
DA:84,10
DA:85,0
DA:86,0
DA:87,10
DA:88,10
DA:89,1
DA:90,1
DA:91,1
DA:92,1
DA:93,1
DA:94,15
DA:95,15
DA:96,15
DA:97,15
DA:98,15
DA:99,15
DA:100,1
DA:101,1
DA:102,1
DA:103,1
DA:104,1
DA:105,1
LH:101
LF:105
end_of_record
